<?xml version="1.0" encoding="UTF-8"?>
<!-- Generated by org.testng.reporters.JUnitReportReporter -->
<testsuite hostname="NDI-LAP-115" failures="0" tests="2" name="test1.testCaseForSuccess" time="4.614" errors="0" timestamp="2022-02-02T23:22:02 IST" skipped="0">
  <testcase classname="test1.testCaseForSuccess" name="testCase1forSuccess" time="4.576"/>
  <system-out/>
  <testcase classname="test1.testCaseForSuccess" name="initiate" time="0.038"/>
  <system-out/>
</testsuite> <!-- test1.testCaseForSuccess -->
